<?xml version="1.0" encoding="UTF-8"?>
<testng-results skipped="0" failed="0" total="1" passed="1">
  <reporter-output>
  </reporter-output>
  <suite name="Suite" duration-ms="29963" started-at="2021-01-15T09:31:40Z" finished-at="2021-01-15T09:32:10Z">
    <groups>
    </groups>
    <test name="Test" duration-ms="29963" started-at="2021-01-15T09:31:40Z" finished-at="2021-01-15T09:32:10Z">
      <class name="MavenProject">
        <test-method status="PASS" signature="test()" name="test" duration-ms="29910" started-at="2021-01-15T09:31:40Z" finished-at="2021-01-15T09:32:10Z">
        </test-method>
      </class>
    </test>
  </suite>
</testng-results>
