<?xml version="1.0" encoding="UTF-8"?>
<testng-results skipped="0" failed="0" ignored="0" total="1" passed="1">
  <reporter-output>
  </reporter-output>
  <suite name="Default suite" duration-ms="85" started-at="2021-01-10T10:32:30 IST" finished-at="2021-01-10T10:32:31 IST">
    <groups>
    </groups>
    <test name="Default test" duration-ms="85" started-at="2021-01-10T10:32:30 IST" finished-at="2021-01-10T10:32:31 IST">
      <class name="MavenProject">
        <test-method status="PASS" signature="test()[pri:0, instance:MavenProject@57855c9a]" name="test" duration-ms="15" started-at="2021-01-10T10:32:31 IST" finished-at="2021-01-10T10:32:31 IST">
          <reporter-output>
          </reporter-output>
        </test-method> <!-- test -->
      </class> <!-- MavenProject -->
    </test> <!-- Default test -->
  </suite> <!-- Default suite -->
</testng-results>
